<?xml version="1.0" encoding="UTF-8"?>
<!-- Generated by org.testng.reporters.JUnitReportReporter -->
<testsuite hostname="DESKTOP-2TG1OO9" failures="0" tests="1" name="eCommerce1.Flipkart" time="9.315" errors="0" timestamp="2023-07-31T15:10:35 IST" skipped="0">
  <testcase classname="eCommerce1.Flipkart" name="flipcartTest" time="9.315"/>
  <system-out/>
</testsuite> <!-- eCommerce1.Flipkart -->
